app/build/outputs/mapping/release/seeds.txt
com.example.sarthak.news.R$anim: int abc_fade_in
com.example.sarthak.news.R$anim: int abc_fade_out
com.example.sarthak.news.R$anim: int abc_grow_fade_in_from_bottom
com.example.sarthak.news.R$anim: int abc_popup_enter
com.example.sarthak.news.R$anim: int abc_popup_exit
com.example.sarthak.news.R$anim: int abc_shrink_fade_out_from_bottom
com.example.sarthak.news.R$anim: int abc_slide_in_bottom
com.example.sarthak.news.R$anim: int abc_slide_in_top
com.example.sarthak.news.R$anim: int abc_slide_out_bottom
com.example.sarthak.news.R$anim: int abc_slide_out_top
com.example.sarthak.news.R$anim: int design_appbar_state_list_animator
com.example.sarthak.news.R$anim: int design_bottom_sheet_slide_in
com.example.sarthak.news.R$anim: int design_bottom_sheet_slide_out
com.example.sarthak.news.R$anim: int design_fab_in
com.example.sarthak.news.R$anim: int design_fab_out
com.example.sarthak.news.R$anim: int design_snackbar_in
com.example.sarthak.news.R$anim: int design_snackbar_out
com.example.sarthak.news.R$anim: int enter_from_left
com.example.sarthak.news.R$anim: int enter_from_right
com.example.sarthak.news.R$anim: int exit_out_left
com.example.sarthak.news.R$anim: int exit_out_right
com.example.sarthak.news.R$array: int text_size
com.example.sarthak.news.R$array: int theme
com.example.sarthak.news.R$attr: int actionBarDivider
com.example.sarthak.news.R$attr: int actionBarItemBackground
com.example.sarthak.news.R$attr: int actionBarPopupTheme
com.example.sarthak.news.R$attr: int actionBarSize
com.example.sarthak.news.R$attr: int actionBarSplitStyle
com.example.sarthak.news.R$attr: int actionBarStyle
com.example.sarthak.news.R$attr: int actionBarTabBarStyle
com.example.sarthak.news.R$attr: int actionBarTabStyle
com.example.sarthak.news.R$attr: int actionBarTabTextStyle
com.example.sarthak.news.R$attr: int actionBarTheme
com.example.sarthak.news.R$attr: int actionBarWidgetTheme
com.example.sarthak.news.R$attr: int actionButtonStyle
com.example.sarthak.news.R$attr: int actionDropDownStyle
com.example.sarthak.news.R$attr: int actionLayout
com.example.sarthak.news.R$attr: int actionMenuTextAppearance
com.example.sarthak.news.R$attr: int actionMenuTextColor
com.example.sarthak.news.R$attr: int actionModeBackground
com.example.sarthak.news.R$attr: int actionModeCloseButtonStyle
com.example.sarthak.news.R$attr: int actionModeCloseDrawable
com.example.sarthak.news.R$attr: int actionModeCopyDrawable
com.example.sarthak.news.R$attr: int actionModeCutDrawable
com.example.sarthak.news.R$attr: int actionModeFindDrawable
com.example.sarthak.news.R$attr: int actionModePasteDrawable
com.example.sarthak.news.R$attr: int actionModePopupWindowStyle
com.example.sarthak.news.R$attr: int actionModeSelectAllDrawable
com.example.sarthak.news.R$bool: int abc_action_bar_embed_tabs
com.example.sarthak.news.R$bool: int abc_allow_stacked_button_bar
com.example.sarthak.news.R$bool: int abc_config_actionMenuItemAllCaps
com.example.sarthak.news.R$bool: int abc_config_closeDialogWhenTouchOutside
com.example.sarthak.news.R$bool: int abc_config_showMenuShortcutsWhenKeyboardPresent
...
android.support.v4.widget.ListViewCompatGingerbread
android.support.v4.widget.ListViewCompatGingerbread: ListViewCompatGingerbread()
android.support.v4.widget.ListViewCompatGingerbread: void scrollListBy(android.widget.ListView,int)
android.support.v4.widget.ListViewCompatKitKat
android.support.v4.widget.ListViewCompatKitKat: ListViewCompatKitKat()
android.support.v4.widget.ListViewCompatKitKat: void scrollListBy(android.widget.ListView,int)
android.support.v4.widget.MaterialProgressDrawable
android.support.v4.widget.MaterialProgressDrawable: android.view.animation.Interpolator LINEAR_INTERPOLATOR
android.support.v4.widget.MaterialProgressDrawable: android.view.animation.Interpolator MATERIAL_INTERPOLATOR
android.support.v4.widget.MaterialProgressDrawable: float FULL_ROTATION
android.support.v4.widget.MaterialProgressDrawable: int LARGE
android.support.v4.widget.MaterialProgressDrawable: int DEFAULT
android.support.v4.widget.MaterialProgressDrawable: int CIRCLE_DIAMETER
android.support.v4.widget.MaterialProgressDrawable: float CENTER_RADIUS
android.support.v4.widget.MaterialProgressDrawable: float STROKE_WIDTH
android.support.v4.widget.MaterialProgressDrawable: int CIRCLE_DIAMETER_LARGE
android.support.v4.widget.MaterialProgressDrawable: float CENTER_RADIUS_LARGE
android.support.v4.widget.MaterialProgressDrawable: float STROKE_WIDTH_LARGE
android.support.v4.widget.MaterialProgressDrawable: int[] COLORS
android.support.v4.widget.MaterialProgressDrawable: float COLOR_START_DELAY_OFFSET
android.support.v4.widget.MaterialProgressDrawable: float END_TRIM_START_DELAY_OFFSET
android.support.v4.widget.MaterialProgressDrawable: float START_TRIM_DURATION_OFFSET
android.support.v4.widget.MaterialProgressDrawable: int ANIMATION_DURATION
android.support.v4.widget.MaterialProgressDrawable: float NUM_POINTS
android.support.v4.widget.MaterialProgressDrawable: java.util.ArrayList mAnimators
android.support.v4.widget.MaterialProgressDrawable$1
android.support.v4.widget.MaterialProgressDrawable$1: android.support.v4.widget.MaterialProgressDrawable$Ring val$ring
android.support.v4.widget.MaterialProgressDrawable$1: android.support.v4.widget.MaterialProgressDrawable this$0
android.support.v4.widget.MaterialProgressDrawable$1: MaterialProgressDrawable$1(android.support.v4.widget.MaterialProgressDrawable,android.support.v4.widget.MaterialProgressDrawable$Ring)
android.support.v4.widget.MaterialProgressDrawable$1: void applyTransformation(float,android.view.animation.Transformation)
android.support.v4.widget.MaterialProgressDrawable$2
android.support.v4.widget.MaterialProgressDrawable$2: android.support.v4.widget.MaterialProgressDrawable$Ring val$ring
android.support.v4.widget.MaterialProgressDrawable$2: android.support.v4.widget.MaterialProgressDrawable this$0
android.support.v4.widget.MaterialProgressDrawable$2: MaterialProgressDrawable$2(android.support.v4.widget.MaterialProgressDrawable,android.support.v4.widget.MaterialProgressDrawable$Ring)
android.support.v4.widget.MaterialProgressDrawable$2: void onAnimationStart(android.view.animation.Animation)
android.support.v4.widget.MaterialProgressDrawable$2: void onAnimationEnd(android.view.animation.Animation)
android.support.v4.widget.MaterialProgressDrawable$2: void onAnimationRepeat(android.view.animation.Animation)
android.support.v4.widget.MaterialProgressDrawable$3
android.support.v4.widget.MaterialProgressDrawable$3: android.support.v4.widget.MaterialProgressDrawable this$0
android.support.v4.widget.MaterialProgressDrawable$3: MaterialProgressDrawable$3(android.support.v4.widget.MaterialProgressDrawable)
android.support.v4.widget.MaterialProgressDrawable$3: void invalidateDrawable(android.graphics.drawable.Drawable)
android.support.v4.widget.MaterialProgressDrawable$3: void scheduleDrawable(android.graphics.drawable.Drawable,java.lang.Runnable,long)
android.support.v4.widget.MaterialProgressDrawable$3: void unscheduleDrawable(android.graphics.drawable.Drawable,java.lang.Runnable)