app/build/outputs/mapping/release/mapping.txt
com.example.sarthak.news.activities.BaseActivity -> com.example.sarthak.news.activities.a:
    java.lang.String textSize -> a
    java.lang.String theme -> b
    boolean downloadImages -> c
    android.support.v7.widget.Toolbar mToolbar -> d
    android.content.SharedPreferences sharedPreferences -> e
    android.content.SharedPreferences$OnSharedPreferenceChangeListener prefListener -> f
    void <init>() -> <init>
    void onCreate(android.os.Bundle) -> onCreate
    void onStart() -> onStart
    void onDestroy() -> onDestroy
    int getLayoutResourceId() -> a
    int getToolbarID() -> b
    java.lang.String getToolbarTitle() -> c
    void configureToolbar() -> d
    void setUpTheme() -> e
    void setUpFont() -> f
    void loadPreferences() -> g
    void sharedPreferencesListener() -> h
com.example.sarthak.news.activities.BaseActivity$1 -> com.example.sarthak.news.activities.a$1:
    com.example.sarthak.news.activities.BaseActivity this$0 -> a
    void <init>(com.example.sarthak.news.activities.BaseActivity) -> <init>
    void onSharedPreferenceChanged(android.content.SharedPreferences,java.lang.String) -> onSharedPreferenceChanged
com.example.sarthak.news.activities.HomeScreenActivity -> com.example.sarthak.news.activities.HomeScreenActivity:
    android.os.Bundle newsListFragmentBundle -> g
    android.os.Bundle navigationDrawerFragmentBundle -> h
    boolean changeActionBarColor -> i
    java.util.ArrayList newsCategory -> j
    com.example.sarthak.news.utils.NetworkChangeReceiver networkChangeReceiver -> k
    com.google.firebase.database.DatabaseReference mDatabase -> l
    void <init>() -> <init>
    void onCreate(android.os.Bundle) -> onCreate
    int getLayoutResourceId() -> a
    int getToolbarID() -> b
    java.lang.String getToolbarTitle() -> c
    void onStart() -> onStart
    void onStop() -> onStop
    void onBackPressed() -> onBackPressed
    void itemCLicked() -> i
    boolean onCreateOptionsMenu(android.view.Menu) -> onCreateOptionsMenu
    boolean onOptionsItemSelected(android.view.MenuItem) -> onOptionsItemSelected
    void launchDefaultFragment() -> k
    void readCategoryData() -> l
    void launchNavigationDrawerFragment() -> j
    void showErrorSnackbar() -> m
com.example.sarthak.news.activities.HomeScreenActivity$1 -> com.example.sarthak.news.activities.HomeScreenActivity$1:
    com.example.sarthak.news.activities.HomeScreenActivity this$0 -> a
    void <init>(com.example.sarthak.news.activities.HomeScreenActivity) -> <init>
    void onDataChange(com.google.firebase.database.DataSnapshot) -> onDataChange
    void onCancelled(com.google.firebase.database.DatabaseError) -> onCancelled
com.example.sarthak.news.activities.HomeScreenActivity$2 -> com.example.sarthak.news.activities.HomeScreenActivity$2:
    android.support.design.widget.Snackbar snackbar -> a
    com.example.sarthak.news.activities.HomeScreenActivity this$0 -> b
    void <init>(com.example.sarthak.news.activities.HomeScreenActivity) -> <init>
    void dismissSnackbar() -> a
    void setUpLayout() -> b
com.example.sarthak.news.activities.LoginActivity -> com.example.sarthak.news.activities.LoginActivity:
    android.widget.EditText mEmailInput -> g
    android.widget.EditText mPassInput -> h
    android.widget.Button mLoginButton -> i
    android.widget.Button mRegButton -> j
    void <init>() -> <init>
    void onCreate(android.os.Bundle) -> onCreate
    int getLayoutResourceId() -> a
    int getToolbarID() -> b
    java.lang.String getToolbarTitle() -> c
    void onStart() -> onStart
    void onClick(android.view.View) -> onClick
    void setUpView() -> i
    void launchRegisterActivity() -> j
    void loginUser() -> k
...
com.google.android.gms.internal.zzbvk$7 -> com.google.android.gms.c.mi$10:
    com.google.android.gms.internal.zzbvk zzcpQ -> a
    void <init>(com.google.android.gms.internal.zzbvk) -> <init>
    java.lang.Object zzady() -> a
com.google.android.gms.internal.zzbvk$8 -> com.google.android.gms.c.mi$11:
    java.lang.reflect.Type zzcpP -> a
    com.google.android.gms.internal.zzbvk zzcpQ -> b
    void <init>(com.google.android.gms.internal.zzbvk,java.lang.reflect.Type) -> <init>
    java.lang.Object zzady() -> a
com.google.android.gms.internal.zzbvk$9 -> com.google.android.gms.c.mi$12:
    com.google.android.gms.internal.zzbvk zzcpQ -> a
    void <init>(com.google.android.gms.internal.zzbvk) -> <init>
    java.lang.Object zzady() -> a
com.google.android.gms.internal.zzbvl -> com.google.android.gms.c.mj:
    com.google.android.gms.internal.zzbvl zzcpV -> a
    double zzcpW -> b
    int zzcpX -> c
    boolean zzcpY -> d
    java.util.List zzcpZ -> e
    java.util.List zzcqa -> f
    void <init>() -> <init>
    com.google.android.gms.internal.zzbvl zzadz() -> a
    com.google.android.gms.internal.zzbvl zzg(int[]) -> a
    com.google.android.gms.internal.zzbvl zza(com.google.android.gms.internal.zzbug,boolean,boolean) -> a
    com.google.android.gms.internal.zzbvc zza(com.google.android.gms.internal.zzbuk,com.google.android.gms.internal.zzbwg) -> a
    boolean zza(java.lang.reflect.Field,boolean) -> a
    boolean zza(java.lang.Class,boolean) -> a
    boolean zzl(java.lang.Class) -> a
    boolean zzm(java.lang.Class) -> b
    boolean zzn(java.lang.Class) -> c
    boolean zza(com.google.android.gms.internal.zzbvg,com.google.android.gms.internal.zzbvh) -> a
    boolean zza(com.google.android.gms.internal.zzbvg) -> a
    boolean zza(com.google.android.gms.internal.zzbvh) -> a
    java.lang.Object clone() -> clone
    void <clinit>() -> <clinit>
com.google.android.gms.internal.zzbvl$1 -> com.google.android.gms.c.mj$1:
    com.google.android.gms.internal.zzbvc zzcpk -> f
    boolean zzcqb -> a
    boolean zzcqc -> b
    com.google.android.gms.internal.zzbuk zzcqd -> c
    com.google.android.gms.internal.zzbwg zzcqe -> d
    com.google.android.gms.internal.zzbvl zzcqf -> e
    void <init>(com.google.android.gms.internal.zzbvl,boolean,boolean,com.google.android.gms.internal.zzbuk,com.google.android.gms.internal.zzbwg) -> <init>
    java.lang.Object zzb(com.google.android.gms.internal.zzbwh) -> b
    void zza(com.google.android.gms.internal.zzbwj,java.lang.Object) -> a
    com.google.android.gms.internal.zzbvc zzadv() -> a
com.google.android.gms.internal.zzbvm -> com.google.android.gms.c.mk:
    com.google.android.gms.internal.zzbvm zzcqg -> a
    void <init>() -> <init>
    void zzi(com.google.android.gms.internal.zzbwh) -> a
com.google.android.gms.internal.zzbvn -> com.google.android.gms.c.ml:
    java.lang.String value -> a
    void <init>(java.lang.String) -> <init>
    int intValue() -> intValue
    long longValue() -> longValue
    float floatValue() -> floatValue
    double doubleValue() -> doubleValue
    java.lang.String toString() -> toString
    int hashCode() -> hashCode
    boolean equals(java.lang.Object) -> equals