app/build/outputs/mapping/release/usage.txt
com.example.sarthak.news.BuildConfig
com.example.sarthak.news.Manifest
com.example.sarthak.news.Manifest$permission
com.example.sarthak.news.R
com.example.sarthak.news.R$anim
com.example.sarthak.news.R$array
com.example.sarthak.news.R$attr
com.example.sarthak.news.R$bool
com.example.sarthak.news.R$color
com.example.sarthak.news.R$dimen
com.example.sarthak.news.R$drawable
com.example.sarthak.news.R$id
com.example.sarthak.news.R$integer
com.example.sarthak.news.R$layout
com.example.sarthak.news.R$menu
com.example.sarthak.news.R$mipmap
com.example.sarthak.news.R$string
com.example.sarthak.news.R$style
com.example.sarthak.news.R$styleable
com.example.sarthak.news.R$xml
com.example.sarthak.news.activities.SplashScreenActivity:
    28:35:private void allowInternetAccess()
com.example.sarthak.news.utils.Constants
com.example.sarthak.news.utils.NetworkChangeReceiver:
    public static final java.lang.String CONNECTIVITY_CHANGE_ACTION
com.example.sarthak.news.utils.NetworkUtil:
    11:11:public NetworkUtil()
...
com.google.android.gms.common.internal.safeparcel.zzb:
    public static java.lang.Boolean zzd(android.os.Parcel,int)
    public static byte zze(android.os.Parcel,int)
    public static short zzf(android.os.Parcel,int)
    public static java.math.BigInteger zzk(android.os.Parcel,int)
    public static float zzl(android.os.Parcel,int)
    public static double zzn(android.os.Parcel,int)
    public static java.math.BigDecimal zzp(android.os.Parcel,int)
    public static byte[][] zzu(android.os.Parcel,int)
    public static boolean[] zzv(android.os.Parcel,int)
    public static int[] zzw(android.os.Parcel,int)
    public static long[] zzx(android.os.Parcel,int)
    public static java.math.BigInteger[] zzy(android.os.Parcel,int)
    public static float[] zzz(android.os.Parcel,int)
    public static double[] zzA(android.os.Parcel,int)
    public static java.math.BigDecimal[] zzB(android.os.Parcel,int)
    public static android.os.Parcel zzF(android.os.Parcel,int)
    public static android.os.Parcel[] zzG(android.os.Parcel,int)
    public static void zza(android.os.Parcel,int,java.util.List,java.lang.ClassLoader)
com.google.android.gms.common.internal.safeparcel.zzc:
    public static void zza(android.os.Parcel,int,java.lang.Boolean,boolean)
    public static void zza(android.os.Parcel,int,byte)
    public static void zza(android.os.Parcel,int,short)
    public static void zza(android.os.Parcel,int,float)
    public static void zza(android.os.Parcel,int,double)
    public static void zza(android.os.Parcel,int,byte[][],boolean)
    public static void zza(android.os.Parcel,int,boolean[],boolean)
    public static void zza(android.os.Parcel,int,int[],boolean)
    public static void zza(android.os.Parcel,int,long[],boolean)
    public static void zza(android.os.Parcel,int,float[],boolean)
    public static void zza(android.os.Parcel,int,android.os.Parcel,boolean)
    public static void zzd(android.os.Parcel,int,java.util.List,boolean)
com.google.android.gms.common.internal.safeparcel.zzd
com.google.android.gms.common.internal.zzab
com.google.android.gms.common.internal.zzab$1
com.google.android.gms.common.internal.zzab$2
com.google.android.gms.common.internal.zzab$3
com.google.android.gms.common.internal.zzab$zza
com.google.android.gms.common.internal.zzab$zzb
com.google.android.gms.common.internal.zzac:
    public static int zza(int,java.lang.Object)
    public static int zzcX(int)
    public static long zza(long,java.lang.Object)
    public static void zzye()
com.google.android.gms.common.internal.zzah
com.google.android.gms.common.internal.zzai
com.google.android.gms.common.internal.zzaj
com.google.android.gms.common.internal.zzak
com.google.android.gms.common.internal.zzap
com.google.android.gms.common.internal.zzb:
    public static com.google.android.gms.common.api.zza zzl(com.google.android.gms.common.ConnectionResult)
com.google.android.gms.common.internal.zzc
com.google.android.gms.common.internal.zzf:
    public final android.os.Looper getLooper()
com.google.android.gms.common.internal.zzg:
    public static com.google.android.gms.common.internal.zzg zzaS(android.content.Context)
    public int zzxK()
    public android.view.View zzxQ()
com.google.android.gms.common.internal.zzg$zza:
    public zzg$zza(java.util.Set)
com.google.android.gms.common.internal.zzi:
    public static com.google.android.gms.common.internal.zzi zza(android.support.v4.app.Fragment,android.content.Intent,int)
com.google.android.gms.common.internal.zzi$2
com.google.android.gms.common.internal.zzm:
    public boolean isConnectionCallbacksRegistered(com.google.android.gms.common.api.GoogleApiClient$ConnectionCallbacks)
    public void unregisterConnectionCallbacks(com.google.android.gms.common.api.GoogleApiClient$ConnectionCallbacks)
    public boolean isConnectionFailedListenerRegistered(com.google.android.gms.common.api.GoogleApiClient$OnConnectionFailedListener)